2019-04-08 12:01:11 [main] ERROR o.s.b.c.l.LoggingApplicationListener - Cannot set level '=info' for 'com.root'
2019-04-08 12:01:11 [main] INFO  c.e.d.PaymentReceiptCqrsApplicationTests - Starting PaymentReceiptCqrsApplicationTests on Ubuntu-SME25 with PID 7872 (started by administrator in /home/administrator/TFS/MISA.SME.Tested/Java.PaymentReceiptCQRS/PaymentReceiptCQRS)
2019-04-08 12:01:11 [main] INFO  c.e.d.PaymentReceiptCqrsApplicationTests - No active profile set, falling back to default profiles: default
2019-04-08 12:01:13 [main] INFO  o.s.d.r.c.RepositoryConfigurationDelegate - Multiple Spring Data modules found, entering strict repository configuration mode!
2019-04-08 12:01:13 [main] INFO  o.s.d.r.c.RepositoryConfigurationDelegate - Bootstrapping Spring Data repositories in DEFAULT mode.
2019-04-08 12:01:13 [main] INFO  o.s.d.r.c.RepositoryConfigurationDelegate - Finished Spring Data repository scanning in 336ms. Found 4 repository interfaces.
2019-04-08 12:01:14 [main] INFO  o.s.c.s.PostProcessorRegistrationDelegate$BeanPostProcessorChecker - Bean 'org.springframework.amqp.rabbit.annotation.RabbitBootstrapConfiguration' of type [org.springframework.amqp.rabbit.annotation.RabbitBootstrapConfiguration$$EnhancerBySpringCGLIB$$c986d18b] is not eligible for getting processed by all BeanPostProcessors (for example: not eligible for auto-proxying)
2019-04-08 12:01:15 [main] INFO  org.mongodb.driver.cluster - Cluster created with settings {hosts=[mongo-java:27017], mode=MULTIPLE, requiredClusterType=UNKNOWN, serverSelectionTimeout='30000 ms', maxWaitQueueSize=500}
2019-04-08 12:01:15 [main] INFO  org.mongodb.driver.cluster - Adding discovered server mongo-java:27017 to client view of cluster
2019-04-08 12:01:15 [cluster-ClusterId{value='5caad59b24625e1ec0c2d69e', description='null'}-mongo-java:27017] INFO  org.mongodb.driver.cluster - Exception in monitor thread while connecting to server mongo-java:27017
com.mongodb.MongoSocketException: mongo-java: Temporary failure in name resolution
	at com.mongodb.ServerAddress.getSocketAddress(ServerAddress.java:188)
	at com.mongodb.internal.connection.SocketStreamHelper.initialize(SocketStreamHelper.java:64)
	at com.mongodb.internal.connection.SocketStream.open(SocketStream.java:62)
	at com.mongodb.internal.connection.InternalStreamConnection.open(InternalStreamConnection.java:126)
	at com.mongodb.internal.connection.DefaultServerMonitor$ServerMonitorRunnable.run(DefaultServerMonitor.java:117)
	at java.lang.Thread.run(Thread.java:748)
Caused by: java.net.UnknownHostException: mongo-java: Temporary failure in name resolution
	at java.net.Inet6AddressImpl.lookupAllHostAddr(Native Method)
	at java.net.InetAddress$2.lookupAllHostAddr(InetAddress.java:929)
	at java.net.InetAddress.getAddressesFromNameService(InetAddress.java:1324)
	at java.net.InetAddress.getAllByName0(InetAddress.java:1277)
	at java.net.InetAddress.getAllByName(InetAddress.java:1193)
	at java.net.InetAddress.getAllByName(InetAddress.java:1127)
	at java.net.InetAddress.getByName(InetAddress.java:1077)
	at com.mongodb.ServerAddress.getSocketAddress(ServerAddress.java:186)
	... 5 common frames omitted
2019-04-08 12:01:15 [main] INFO  o.s.d.m.c.i.MongoPersistentEntityIndexResolver - Found cycle for field 'refID' in type 'PaymentReceiptCommand' for path 'payments -> ref -> payments'
2019-04-08 12:01:15 [main] INFO  o.s.d.m.c.i.MongoPersistentEntityIndexResolver - Found cycle for field 'refID' in type 'PaymentReceiptCommand' for path 'payments -> invoices -> payment -> ref -> payments'
2019-04-08 12:01:15 [main] INFO  o.s.d.m.c.i.MongoPersistentEntityIndexResolver - Found cycle for field 'refDetailID' in type 'InvoiceDetailCommand' for path 'invoices -> payment -> invoices'
2019-04-08 12:01:15 [main] INFO  o.s.d.m.c.i.MongoPersistentEntityIndexResolver - Found cycle for field 'refTypeID' in type 'RefTypeCommand' for path 'ref -> payments -> ref'
2019-04-08 12:01:15 [main] INFO  o.s.d.m.c.i.MongoPersistentEntityIndexResolver - Found cycle for field 'refID' in type 'PaymentReceiptCommand' for path 'payment -> ref -> payments -> invoices -> payment'
2019-04-08 12:01:15 [main] INFO  o.s.d.m.c.i.MongoPersistentEntityIndexResolver - Found cycle for field 'refID' in type 'PaymentReceiptCommand' for path 'payment -> invoices -> payment'
2019-04-08 12:01:15 [main] INFO  o.s.d.m.c.i.MongoPersistentEntityIndexResolver - Found cycle for field 'payments' in type 'RefTypeCommand' for path 'payments -> ref -> payments'
2019-04-08 12:01:15 [main] INFO  o.s.d.m.c.i.MongoPersistentEntityIndexResolver - Found cycle for field 'payments' in type 'RefTypeCommand' for path 'payments -> invoices -> payment -> ref -> payments'
2019-04-08 12:01:15 [main] INFO  o.s.d.m.c.i.MongoPersistentEntityIndexResolver - Found cycle for field 'invoices' in type 'PaymentReceiptCommand' for path 'invoices -> payment -> invoices'
2019-04-08 12:01:15 [main] INFO  o.s.d.m.c.i.MongoPersistentEntityIndexResolver - Found cycle for field 'ref' in type 'PaymentReceiptCommand' for path 'ref -> payments -> ref'
2019-04-08 12:01:15 [main] INFO  o.s.d.m.c.i.MongoPersistentEntityIndexResolver - Found cycle for field 'payment' in type 'InvoiceDetailCommand' for path 'payment -> invoices -> payment'
2019-04-08 12:01:17 [main] INFO  o.s.s.c.ThreadPoolTaskExecutor - Initializing ExecutorService 'applicationTaskExecutor'
2019-04-08 12:01:18 [main] INFO  c.e.d.PaymentReceiptCqrsApplicationTests - Started PaymentReceiptCqrsApplicationTests in 8.02 seconds (JVM running for 9.476)
2019-04-08 12:01:19 [Thread-4] INFO  o.s.s.c.ThreadPoolTaskExecutor - Shutting down ExecutorService 'applicationTaskExecutor'
2019-04-08 14:47:40 [main] ERROR o.s.b.c.l.LoggingApplicationListener - Cannot set level '=info' for 'com.root'
2019-04-08 14:47:40 [main] INFO  c.e.d.PaymentReceiptCqrsApplicationTests - Starting PaymentReceiptCqrsApplicationTests on misa-H61M-S2PV with PID 18474 (started by misa in /home/misa/TFS/MISA.SME.Tested/Java.PaymentReceiptCQRS/PaymentReceiptCQRS)
2019-04-08 14:47:40 [main] INFO  c.e.d.PaymentReceiptCqrsApplicationTests - No active profile set, falling back to default profiles: default
2019-04-08 14:47:41 [main] INFO  o.s.d.r.c.RepositoryConfigurationDelegate - Multiple Spring Data modules found, entering strict repository configuration mode!
2019-04-08 14:47:41 [main] INFO  o.s.d.r.c.RepositoryConfigurationDelegate - Bootstrapping Spring Data repositories in DEFAULT mode.
2019-04-08 14:47:41 [main] INFO  o.s.d.r.c.RepositoryConfigurationDelegate - Finished Spring Data repository scanning in 154ms. Found 4 repository interfaces.
2019-04-08 14:47:42 [main] INFO  o.s.c.s.PostProcessorRegistrationDelegate$BeanPostProcessorChecker - Bean 'org.springframework.amqp.rabbit.annotation.RabbitBootstrapConfiguration' of type [org.springframework.amqp.rabbit.annotation.RabbitBootstrapConfiguration$$EnhancerBySpringCGLIB$$2104442c] is not eligible for getting processed by all BeanPostProcessors (for example: not eligible for auto-proxying)
2019-04-08 14:47:42 [main] INFO  org.mongodb.driver.cluster - Cluster created with settings {hosts=[10.102.159.118:27017], mode=MULTIPLE, requiredClusterType=UNKNOWN, serverSelectionTimeout='30000 ms', maxWaitQueueSize=500}
2019-04-08 14:47:42 [main] INFO  org.mongodb.driver.cluster - Adding discovered server 10.102.159.118:27017 to client view of cluster
2019-04-08 14:47:43 [main] INFO  o.s.d.m.c.i.MongoPersistentEntityIndexResolver - Found cycle for field 'refID' in type 'PaymentReceiptCommand' for path 'payments -> ref -> payments'
2019-04-08 14:47:43 [main] INFO  o.s.d.m.c.i.MongoPersistentEntityIndexResolver - Found cycle for field 'refID' in type 'PaymentReceiptCommand' for path 'payments -> invoices -> payment -> ref -> payments'
2019-04-08 14:47:43 [main] INFO  o.s.d.m.c.i.MongoPersistentEntityIndexResolver - Found cycle for field 'refDetailID' in type 'InvoiceDetailCommand' for path 'invoices -> payment -> invoices'
2019-04-08 14:47:43 [main] INFO  o.s.d.m.c.i.MongoPersistentEntityIndexResolver - Found cycle for field 'refTypeID' in type 'RefTypeCommand' for path 'ref -> payments -> ref'
2019-04-08 14:47:43 [main] INFO  o.s.d.m.c.i.MongoPersistentEntityIndexResolver - Found cycle for field 'refID' in type 'PaymentReceiptCommand' for path 'payment -> ref -> payments -> invoices -> payment'
2019-04-08 14:47:43 [main] INFO  o.s.d.m.c.i.MongoPersistentEntityIndexResolver - Found cycle for field 'refID' in type 'PaymentReceiptCommand' for path 'payment -> invoices -> payment'
2019-04-08 14:47:43 [main] INFO  o.s.d.m.c.i.MongoPersistentEntityIndexResolver - Found cycle for field 'payments' in type 'RefTypeCommand' for path 'payments -> ref -> payments'
2019-04-08 14:47:43 [main] INFO  o.s.d.m.c.i.MongoPersistentEntityIndexResolver - Found cycle for field 'payments' in type 'RefTypeCommand' for path 'payments -> invoices -> payment -> ref -> payments'
2019-04-08 14:47:43 [main] INFO  o.s.d.m.c.i.MongoPersistentEntityIndexResolver - Found cycle for field 'invoices' in type 'PaymentReceiptCommand' for path 'invoices -> payment -> invoices'
2019-04-08 14:47:43 [main] INFO  o.s.d.m.c.i.MongoPersistentEntityIndexResolver - Found cycle for field 'ref' in type 'PaymentReceiptCommand' for path 'ref -> payments -> ref'
2019-04-08 14:47:43 [main] INFO  o.s.d.m.c.i.MongoPersistentEntityIndexResolver - Found cycle for field 'payment' in type 'InvoiceDetailCommand' for path 'payment -> invoices -> payment'
2019-04-08 14:47:44 [main] INFO  o.s.s.c.ThreadPoolTaskExecutor - Initializing ExecutorService 'applicationTaskExecutor'
2019-04-08 14:47:45 [main] INFO  c.e.d.PaymentReceiptCqrsApplicationTests - Started PaymentReceiptCqrsApplicationTests in 6.132 seconds (JVM running for 7.199)
2019-04-08 14:47:46 [Thread-3] INFO  o.s.s.c.ThreadPoolTaskExecutor - Shutting down ExecutorService 'applicationTaskExecutor'
